<?xml version="1.0" encoding="UTF-8"?>
<testng-results skipped="0" failed="0" ignored="0" total="1" passed="1">
  <reporter-output>
  </reporter-output>
  <suite name="Suite" duration-ms="3995" started-at="2018-12-29T16:01:14Z" finished-at="2018-12-29T16:01:18Z">
    <groups>
    </groups>
    <test name="Test" duration-ms="3995" started-at="2018-12-29T16:01:14Z" finished-at="2018-12-29T16:01:18Z">
      <class name="com.Maven_TestNG.My_Base_Class">
        <test-method status="PASS" signature="setUp()[pri:0, instance:com.Maven_TestNG.My_Base_Class@49fc609f]" name="setUp" duration-ms="3977" started-at="2018-12-29T16:01:14Z" finished-at="2018-12-29T16:01:18Z">
          <reporter-output>
          </reporter-output>
        </test-method> <!-- setUp -->
      </class> <!-- com.Maven_TestNG.My_Base_Class -->
    </test> <!-- Test -->
  </suite> <!-- Suite -->
</testng-results>
