<?xml version="1.0" encoding="UTF-8"?>
<testng-results skipped="0" failed="0" ignored="0" total="1" passed="1">
  <reporter-output>
  </reporter-output>
  <suite name="Default suite" duration-ms="4079" started-at="2018-12-29T15:50:11Z" finished-at="2018-12-29T15:50:15Z">
    <groups>
    </groups>
    <test name="Default test" duration-ms="4079" started-at="2018-12-29T15:50:11Z" finished-at="2018-12-29T15:50:15Z">
      <class name="com.Maven_TestNG.My_Base_Class">
        <test-method status="PASS" signature="setUp()[pri:0, instance:com.Maven_TestNG.My_Base_Class@7113b13f]" name="setUp" duration-ms="4060" started-at="2018-12-29T15:50:11Z" finished-at="2018-12-29T15:50:15Z">
          <reporter-output>
          </reporter-output>
        </test-method> <!-- setUp -->
      </class> <!-- com.Maven_TestNG.My_Base_Class -->
    </test> <!-- Default test -->
  </suite> <!-- Default suite -->
</testng-results>
